<?xml version="1.0" encoding="UTF-8"?>
<!-- Generated by org.testng.reporters.JUnitReportReporter -->
<testsuite hostname="DESKTOP-9FO86RH" failures="0" tests="1" name="com.ect.testcases.SearchTestCase" time="9.519" errors="0" timestamp="2024-11-13T19:35:20 IST" skipped="0">
  <testcase classname="com.ect.testcases.SearchTestCase" name="searchProduct" time="9.519"/>
  <system-out/>
</testsuite> <!-- com.ect.testcases.SearchTestCase -->
